<?xml version="1.0" encoding="UTF-8"?>
<!-- Generated by org.testng.reporters.JUnitReportReporter -->
<testsuite hostname="LAPTOP-085J8J9J" failures="0" tests="3" name="swapi_tests.Functional_Tests" time="18.053" errors="0" timestamp="2021-03-13T17:22:38 EST" skipped="0">
  <testcase classname="swapi_tests.Functional_Tests" name="search_for_a_char_Null" time="6.028"/>
  <system-out/>
  <testcase classname="swapi_tests.Functional_Tests" name="search_for_a_char_validdata" time="6.758"/>
  <system-out/>
  <testcase classname="swapi_tests.Functional_Tests" name="search_for_a_char_Invaliddata" time="5.267"/>
  <system-out/>
</testsuite> <!-- swapi_tests.Functional_Tests -->
