<?xml version="1.0" encoding="UTF-8"?>
<!-- Generated by org.testng.reporters.JUnitReportReporter -->
<testsuite hostname="LAPTOP-085J8J9J" failures="0" tests="3" name="swapi_tests.All_StarWars_Characters" time="4.710" errors="0" timestamp="2021-03-13T17:22:38 EST" skipped="0">
  <testcase classname="swapi_tests.All_StarWars_Characters" name="TC_03_All_StarWars_char_NullInput" time="0.684"/>
  <system-out/>
  <testcase classname="swapi_tests.All_StarWars_Characters" name="TC_01_All_StarWars_char_validInput" time="3.175"/>
  <system-out/>
  <testcase classname="swapi_tests.All_StarWars_Characters" name="TC_02_All_StarWars_char_InvalidInput" time="0.851"/>
  <system-out/>
</testsuite> <!-- swapi_tests.All_StarWars_Characters -->
