<?xml version="1.0" encoding="UTF-8"?>
<!-- Generated by org.testng.reporters.JUnitReportReporter -->
<testsuite hostname="LAPTOP-085J8J9J" failures="0" tests="3" name="swapi_tests.One_Specific_Starwars_Character" time="2.409" errors="0" timestamp="2021-03-13T17:22:38 EST" skipped="0">
  <testcase classname="swapi_tests.One_Specific_Starwars_Character" name="TC_06_OneSpecific_StarWars_char_NullInput" time="0.918"/>
  <system-out/>
  <testcase classname="swapi_tests.One_Specific_Starwars_Character" name="TC_05_OneSpecific_StarWars_char_InvalidInput" time="0.694"/>
  <system-out/>
  <testcase classname="swapi_tests.One_Specific_Starwars_Character" name="TC_04_OneSpecific_StarWars_char_validInput" time="0.797"/>
  <system-out/>
</testsuite> <!-- swapi_tests.One_Specific_Starwars_Character -->
